<?xml version="1.0" encoding="UTF-8"?>
<!-- Generated by org.testng.reporters.JUnitXMLReporter -->
<testsuite hostname="AK" ignored="1" name="Default test" tests="5" failures="0" timestamp="2022-10-02T07:49:19 IST" time="0.266" errors="0">
  <testcase name="@BeforeTest openingbrowser" time="0.115" classname="hotelbookingrunnerclass.Runnerclass">
    <failure type="org.openqa.selenium.InvalidArgumentException" message="invalid argument
  (Session info: chrome=106.0.5249.91)
Build info: version: &amp;apos;4.4.0&amp;apos;, revision: &amp;apos;e5c75ed026a&amp;apos;
System info: host: &amp;apos;AK&amp;apos;, ip: &amp;apos;192.168.75.25&amp;apos;, os.name: &amp;apos;Windows 11&amp;apos;, os.arch: &amp;apos;amd64&amp;apos;, os.version: &amp;apos;10.0&amp;apos;, java.version: &amp;apos;1.8.0_341&amp;apos;
Driver info: org.openqa.selenium.chrome.ChromeDriver
Command: [e3cf41aa3461cf9d75d35e04fb8566e5, get {url=if parameter name wrong}]
Capabilities {acceptInsecureCerts: false, browserName: chrome, browserVersion: 106.0.5249.91, chrome: {chromedriverVersion: 106.0.5249.61 (511755355844..., userDataDir: C:\Users\AK\AppData\Local\T...}, goog:chromeOptions: {debuggerAddress: localhost:63306}, networkConnectionEnabled: false, pageLoadStrategy: normal, platformName: WINDOWS, proxy: Proxy(), se:cdp: ws://localhost:63306/devtoo..., se:cdpVersion: 106.0.5249.91, setWindowRect: true, strictFileInteractability: false, timeouts: {implicit: 0, pageLoad: 300000, script: 30000}, unhandledPromptBehavior: dismiss and notify, webauthn:extension:credBlob: true, webauthn:extension:largeBlob: true, webauthn:virtualAuthenticators: true}
Session ID: e3cf41aa3461cf9d75d35e04fb8566e5">
      <![CDATA[org.openqa.selenium.InvalidArgumentException: invalid argument
  (Session info: chrome=106.0.5249.91)
Build info: version: '4.4.0', revision: 'e5c75ed026a'
System info: host: 'AK', ip: '192.168.75.25', os.name: 'Windows 11', os.arch: 'amd64', os.version: '10.0', java.version: '1.8.0_341'
Driver info: org.openqa.selenium.chrome.ChromeDriver
Command: [e3cf41aa3461cf9d75d35e04fb8566e5, get {url=if parameter name wrong}]
Capabilities {acceptInsecureCerts: false, browserName: chrome, browserVersion: 106.0.5249.91, chrome: {chromedriverVersion: 106.0.5249.61 (511755355844..., userDataDir: C:\Users\AK\AppData\Local\T...}, goog:chromeOptions: {debuggerAddress: localhost:63306}, networkConnectionEnabled: false, pageLoadStrategy: normal, platformName: WINDOWS, proxy: Proxy(), se:cdp: ws://localhost:63306/devtoo..., se:cdpVersion: 106.0.5249.91, setWindowRect: true, strictFileInteractability: false, timeouts: {implicit: 0, pageLoad: 300000, script: 30000}, unhandledPromptBehavior: dismiss and notify, webauthn:extension:credBlob: true, webauthn:extension:largeBlob: true, webauthn:virtualAuthenticators: true}
Session ID: e3cf41aa3461cf9d75d35e04fb8566e5
at sun.reflect.NativeConstructorAccessorImpl.newInstance0(Native Method)
at sun.reflect.NativeConstructorAccessorImpl.newInstance(Unknown Source)
at sun.reflect.DelegatingConstructorAccessorImpl.newInstance(Unknown Source)
at java.lang.reflect.Constructor.newInstance(Unknown Source)
at org.openqa.selenium.remote.codec.w3c.W3CHttpResponseCodec.createException(W3CHttpResponseCodec.java:200)
at org.openqa.selenium.remote.codec.w3c.W3CHttpResponseCodec.decode(W3CHttpResponseCodec.java:133)
at org.openqa.selenium.remote.codec.w3c.W3CHttpResponseCodec.decode(W3CHttpResponseCodec.java:53)
at org.openqa.selenium.remote.HttpCommandExecutor.execute(HttpCommandExecutor.java:184)
at org.openqa.selenium.remote.service.DriverCommandExecutor.invokeExecute(DriverCommandExecutor.java:167)
at org.openqa.selenium.remote.service.DriverCommandExecutor.execute(DriverCommandExecutor.java:142)
at org.openqa.selenium.remote.RemoteWebDriver.execute(RemoteWebDriver.java:547)
at org.openqa.selenium.remote.RemoteWebDriver.get(RemoteWebDriver.java:310)
at hotelbookingbaseclass.Baseutilclass.enterUrl(Baseutilclass.java:95)
at hotelbookingrunnerclass.Runnerclass.openingbrowser(Runnerclass.java:88)
at sun.reflect.NativeMethodAccessorImpl.invoke0(Native Method)
at sun.reflect.NativeMethodAccessorImpl.invoke(Unknown Source)
at sun.reflect.DelegatingMethodAccessorImpl.invoke(Unknown Source)
at java.lang.reflect.Method.invoke(Unknown Source)
at org.testng.internal.MethodInvocationHelper.invokeMethod(MethodInvocationHelper.java:134)
at org.testng.internal.MethodInvocationHelper.invokeMethodConsideringTimeout(MethodInvocationHelper.java:63)
at org.testng.internal.ConfigInvoker.invokeConfigurationMethod(ConfigInvoker.java:348)
at org.testng.internal.ConfigInvoker.invokeConfigurations(ConfigInvoker.java:302)
at org.testng.TestRunner.invokeTestConfigurations(TestRunner.java:619)
at org.testng.TestRunner.beforeRun(TestRunner.java:609)
at org.testng.TestRunner.run(TestRunner.java:580)
at org.testng.SuiteRunner.runTest(SuiteRunner.java:384)
at org.testng.SuiteRunner.runSequentially(SuiteRunner.java:378)
at org.testng.SuiteRunner.privateRun(SuiteRunner.java:337)
at org.testng.SuiteRunner.run(SuiteRunner.java:286)
at org.testng.SuiteRunnerWorker.runSuite(SuiteRunnerWorker.java:53)
at org.testng.SuiteRunnerWorker.run(SuiteRunnerWorker.java:96)
at org.testng.TestNG.runSuitesSequentially(TestNG.java:1187)
at org.testng.TestNG.runSuitesLocally(TestNG.java:1109)
at org.testng.TestNG.runSuites(TestNG.java:1039)
at org.testng.TestNG.run(TestNG.java:1007)
at org.testng.remote.AbstractRemoteTestNG.run(AbstractRemoteTestNG.java:115)
at org.testng.remote.RemoteTestNG.initAndRun(RemoteTestNG.java:251)
at org.testng.remote.RemoteTestNG.main(RemoteTestNG.java:77)
]]>
    </failure>
  </testcase> <!-- @BeforeTest openingbrowser -->
  <testcase name="@BeforeMethod checking_Before_Title" time="-1.664677159679E9" classname="hotelbookingrunnerclass.Runnerclass">
    <skipped/>
  </testcase> <!-- @BeforeMethod checking_Before_Title -->
  <testcase name="@AfterMethod checking_After_Title" time="-1.66467715969E9" classname="hotelbookingrunnerclass.Runnerclass">
    <skipped/>
  </testcase> <!-- @AfterMethod checking_After_Title -->
  <testcase name="@BeforeMethod checking_Before_Title" time="-1.664677159714E9" classname="hotelbookingrunnerclass.Runnerclass">
    <skipped/>
  </testcase> <!-- @BeforeMethod checking_Before_Title -->
  <testcase name="@AfterMethod checking_After_Title" time="-1.66467715973E9" classname="hotelbookingrunnerclass.Runnerclass">
    <skipped/>
  </testcase> <!-- @AfterMethod checking_After_Title -->
  <testcase name="@AfterTest closingbrowser" time="-1.66467715973E9" classname="hotelbookingrunnerclass.Runnerclass">
    <skipped/>
  </testcase> <!-- @AfterTest closingbrowser -->
  <testcase name="loginpage_Details" time="0.0" classname="hotelbookingrunnerclass.Runnerclass">
    <skipped/>
  </testcase> <!-- loginpage_Details -->
  <testcase name="searchpage_Details" time="0.0" classname="hotelbookingrunnerclass.Runnerclass">
    <skipped/>
  </testcase> <!-- searchpage_Details -->
  <testcase name="selectpage_Details" time="0.0" classname="hotelbookingrunnerclass.Runnerclass">
    <skipped/>
  </testcase> <!-- selectpage_Details -->
  <testcase name="bookingpage_Details" time="0.0" classname="hotelbookingrunnerclass.Runnerclass">
    <skipped/>
  </testcase> <!-- bookingpage_Details -->
  <testcase name="logoutpage_Details" time="0.0" classname="hotelbookingrunnerclass.Runnerclass">
    <skipped/>
  </testcase> <!-- logoutpage_Details -->
  <testcase name="dummy_Method" time="0.0" classname="hotelbookingrunnerclass.Runnerclass">
    <ignored/>
  </testcase> <!-- dummy_Method -->
</testsuite> <!-- Default test -->
